-------------------------------------------------------------------------------
Test set: TestSuite
-------------------------------------------------------------------------------
Tests run: 6, Failures: 1, Errors: 0, Skipped: 1, Time elapsed: 5.932 sec <<< FAILURE! - in TestSuite
loginWithInvalidEmail(com.samsclub.qa.LoginTest)  Time elapsed: 0.246 sec  <<< FAILURE!
java.lang.AssertionError: expected [1] but found [2]
	at com.samsclub.qa.LoginTest.loginWithInvalidEmail(LoginTest.java:42)

